c:\users\yadir\source\crysalys 0.9.20\crysalys 0.1\x64\debug\vc142.pdb
c:\users\yadir\source\crysalys 0.9.20\crysalys 0.1\x64\debug\vc142.idb
c:\users\yadir\source\crysalys 0.9.20\crysalys 0.1\x64\debug\world.obj
c:\users\yadir\source\crysalys 0.9.20\crysalys 0.1\x64\debug\vampyre.obj
c:\users\yadir\source\crysalys 0.9.20\crysalys 0.1\x64\debug\salir.obj
c:\users\yadir\source\crysalys 0.9.20\crysalys 0.1\x64\debug\room.obj
c:\users\yadir\source\crysalys 0.9.20\crysalys 0.1\x64\debug\pocion.obj
c:\users\yadir\source\crysalys 0.9.20\crysalys 0.1\x64\debug\player.obj
c:\users\yadir\source\crysalys 0.9.20\crysalys 0.1\x64\debug\option.obj
c:\users\yadir\source\crysalys 0.9.20\crysalys 0.1\x64\debug\movementoption.obj
c:\users\yadir\source\crysalys 0.9.20\crysalys 0.1\x64\debug\menu.obj
c:\users\yadir\source\crysalys 0.9.20\crysalys 0.1\x64\debug\map.obj
c:\users\yadir\source\crysalys 0.9.20\crysalys 0.1\x64\debug\lanza.obj
c:\users\yadir\source\crysalys 0.9.20\crysalys 0.1\x64\debug\item.obj
c:\users\yadir\source\crysalys 0.9.20\crysalys 0.1\x64\debug\ghoul.obj
c:\users\yadir\source\crysalys 0.9.20\crysalys 0.1\x64\debug\enemy.obj
c:\users\yadir\source\crysalys 0.9.20\crysalys 0.1\x64\debug\daga.obj
c:\users\yadir\source\crysalys 0.9.20\crysalys 0.1\x64\debug\crysalys 0.1.obj
c:\users\yadir\source\crysalys 0.9.20\crysalys 0.1\x64\debug\cofre.obj
c:\users\yadir\source\crysalys 0.9.20\crysalys 0.1\x64\debug\chestoption.obj
c:\users\yadir\source\crysalys 0.9.20\crysalys 0.1\x64\debug\battleoption.obj
c:\users\yadir\source\crysalys 0.9.20\x64\debug\crysalys 0.1.exe
c:\users\yadir\source\crysalys 0.9.20\x64\debug\crysalys 0.1.ilk
c:\users\yadir\source\crysalys 0.9.20\x64\debug\crysalys 0.1.pdb
c:\users\yadir\source\crysalys 0.9.20\crysalys 0.1\x64\debug\menu.new.obj.enc
c:\users\yadir\source\crysalys 0.9.20\crysalys 0.1\x64\debug\crysalys 0.1.tlog\cl.command.1.tlog
c:\users\yadir\source\crysalys 0.9.20\crysalys 0.1\x64\debug\crysalys 0.1.tlog\cl.read.1.tlog
c:\users\yadir\source\crysalys 0.9.20\crysalys 0.1\x64\debug\crysalys 0.1.tlog\cl.write.1.tlog
c:\users\yadir\source\crysalys 0.9.20\crysalys 0.1\x64\debug\crysalys 0.1.tlog\link.command.1.tlog
c:\users\yadir\source\crysalys 0.9.20\crysalys 0.1\x64\debug\crysalys 0.1.tlog\link.read.1.tlog
c:\users\yadir\source\crysalys 0.9.20\crysalys 0.1\x64\debug\crysalys 0.1.tlog\link.write.1.tlog
