  BaronZoltan.cpp
  BattleOption.cpp
  Belial.cpp
  ChestOption.cpp
  Cofre.cpp
  Crysalys 0.1.cpp
  Daga.cpp
  Diamante.cpp
  Enemy.cpp
  Ghoul.cpp
  Info.cpp
  IronGolem.cpp
  Item.cpp
  Key.cpp
  Lanza.cpp
  LevelOption.cpp
  Lilith.cpp
  Ludwig.cpp
  Map.cpp
  Menu.cpp
  Generando código...
  Compilando...
  MovementOption.cpp
  Option.cpp
  Oro.cpp
  Player.cpp
  Pocion.cpp
  Room.cpp
  Salir.cpp
  Vampyre.cpp
  World.cpp
  Generando código...
  Crysalys 0.1.vcxproj -> C:\Users\Usuario\Desktop\Progra2\Proyecto U\Proyecto Crisalys FINAL\x64\Debug\Crysalys 0.1.exe
